<?xml version="1.0" encoding="UTF-8"?>
<testng-results ignored="0" total="0" passed="0" failed="0" skipped="0">
  <reporter-output>
  </reporter-output>
  <suite started-at="2023-08-30T19:18:51 IST" name="Default suite" finished-at="2023-08-30T19:18:57 IST" duration-ms="5851">
    <groups>
    </groups>
    <test started-at="2023-08-30T19:18:51 IST" name="Default test" finished-at="2023-08-30T19:18:57 IST" duration-ms="5851">
      <class name="com.journaldev.maven.classes.AppTest">
        <test-method is-config="true" signature="beforeTest()[pri:0, instance:com.journaldev.maven.classes.AppTest@1a482e36]" started-at="2023-08-30T19:18:51 IST" name="beforeTest" finished-at="2023-08-30T19:18:57 IST" duration-ms="5635" status="PASS">
          <reporter-output>
          </reporter-output>
        </test-method> <!-- beforeTest -->
        <test-method is-config="true" signature="afterTest()[pri:0, instance:com.journaldev.maven.classes.AppTest@1a482e36]" started-at="2023-08-30T19:18:57 IST" name="afterTest" finished-at="2023-08-30T19:18:57 IST" duration-ms="200" status="PASS">
          <reporter-output>
          </reporter-output>
        </test-method> <!-- afterTest -->
      </class> <!-- com.journaldev.maven.classes.AppTest -->
    </test> <!-- Default test -->
  </suite> <!-- Default suite -->
</testng-results>
