<?xml version="1.0" encoding="UTF-8"?>
<testng-results ignored="0" total="1" passed="1" failed="0" skipped="0">
  <reporter-output>
  </reporter-output>
  <suite started-at="2023-08-29T18:54:38 IST" name="Default suite" finished-at="2023-08-29T18:54:47 IST" duration-ms="8738">
    <groups>
    </groups>
    <test started-at="2023-08-29T18:54:38 IST" name="Default test" finished-at="2023-08-29T18:54:47 IST" duration-ms="8738">
      <class name="MyTestPackage.LaunchBrowser">
        <test-method is-config="true" signature="beforeTest()[pri:0, instance:MyTestPackage.LaunchBrowser@557caf28]" started-at="2023-08-29T18:54:38 IST" name="beforeTest" finished-at="2023-08-29T18:54:40 IST" duration-ms="2221" status="PASS">
          <reporter-output>
          </reporter-output>
        </test-method> <!-- beforeTest -->
        <test-method signature="test()[pri:0, instance:MyTestPackage.LaunchBrowser@557caf28]" started-at="2023-08-29T18:54:40 IST" name="test" finished-at="2023-08-29T18:54:47 IST" duration-ms="6284" status="PASS">
          <reporter-output>
          </reporter-output>
        </test-method> <!-- test -->
        <test-method is-config="true" signature="afterTest()[pri:0, instance:MyTestPackage.LaunchBrowser@557caf28]" started-at="2023-08-29T18:54:47 IST" name="afterTest" finished-at="2023-08-29T18:54:47 IST" duration-ms="195" status="PASS">
          <reporter-output>
          </reporter-output>
        </test-method> <!-- afterTest -->
      </class> <!-- MyTestPackage.LaunchBrowser -->
    </test> <!-- Default test -->
  </suite> <!-- Default suite -->
</testng-results>
